<?xml version="1.0" encoding="UTF-8"?>
<testng-results skipped="0" failed="0" total="1" passed="1">
  <reporter-output>
    <line>
      <![CDATA[查询成功！！]]>
    </line>
  </reporter-output>
  <suite name="Suite" duration-ms="57185" started-at="2013-08-20T09:25:44Z" finished-at="2013-08-20T09:26:41Z">
    <groups>
    </groups>
    <test name="Test" duration-ms="57185" started-at="2013-08-20T09:25:44Z" finished-at="2013-08-20T09:26:41Z">
      <class name="morethreads.FltSuite">
        <test-method status="PASS" signature="befoerTest()[pri:0, instance:morethreads.FltSuite@1d62a85]" name="befoerTest" is-config="true" duration-ms="16" started-at="2013-08-20T17:25:44Z" finished-at="2013-08-20T17:25:44Z">
          <reporter-output>
          </reporter-output>
        </test-method> <!-- befoerTest -->
        <test-method status="PASS" signature="fltTestForFireFox()[pri:0, instance:morethreads.FltSuite@1d62a85]" name="fltTestForFireFox" duration-ms="57149" started-at="2013-08-20T17:25:44Z" finished-at="2013-08-20T17:26:41Z">
          <reporter-output>
            <line>
              <![CDATA[查询成功！！]]>
            </line>
          </reporter-output>
        </test-method> <!-- fltTestForFireFox -->
        <test-method status="PASS" signature="afterTest()[pri:0, instance:morethreads.FltSuite@1d62a85]" name="afterTest" is-config="true" duration-ms="0" started-at="2013-08-20T17:26:41Z" finished-at="2013-08-20T17:26:41Z">
          <reporter-output>
          </reporter-output>
        </test-method> <!-- afterTest -->
      </class> <!-- morethreads.FltSuite -->
    </test> <!-- Test -->
  </suite> <!-- Suite -->
</testng-results>
